[2021-11-08 02:13:52] [ INFO ] [ServidorEndereco:29] A tabela Endereco foi criada!
[2021-11-08 02:13:52] [ INFO ] [ServidorEndereco:57] O Endereco com o id 1 foi incluído!
[2021-11-08 02:15:09] [ INFO ] [ServidorEndereco:29] A tabela Endereco foi criada!
[2021-11-08 02:15:09] [ INFO ] [ServidorEndereco:57] O Endereco com o id 1 foi incluído!
[2021-11-08 20:51:06] [ INFO ] [ServidorEndereco:29] A tabela Endereco foi criada!
[2021-11-08 20:51:06] [ INFO ] [ServidorEndereco:57] O Endereco com o id 1 foi incluído!
[2021-11-08 21:07:08] [ INFO ] [ServidorEndereco:29] A tabela Endereco foi criada!
[2021-11-08 21:07:08] [ INFO ] [ServidorEndereco:57] O Endereco com o id 1 foi incluído!
[2021-11-08 21:08:29] [ INFO ] [ServidorEndereco:29] A tabela Endereco foi criada!
[2021-11-08 21:08:29] [ INFO ] [ServidorEndereco:57] O Endereco com o id 1 foi incluído!
[2021-11-08 21:09:38] [ INFO ] [ServidorEndereco:29] A tabela Endereco foi criada!
[2021-11-08 21:09:38] [ INFO ] [ServidorEndereco:57] O Endereco com o id 1 foi incluído!
[2021-11-08 21:11:09] [ INFO ] [ServidorEndereco:29] A tabela Endereco foi criada!
[2021-11-08 21:11:10] [ INFO ] [ServidorEndereco:57] O Endereco com o id 1 foi incluído!
[2021-11-08 21:12:06] [ INFO ] [ServidorEndereco:29] A tabela Endereco foi criada!
[2021-11-08 21:12:06] [ INFO ] [ServidorEndereco:30] A tabela Paciente foi criada!
[2021-11-08 21:12:06] [ INFO ] [ServidorEndereco:57] O Endereco com o id 1 foi incluído!
[2021-11-08 21:12:51] [ INFO ] [ServidorEndereco:29] A tabela Endereco foi criada!
[2021-11-08 21:12:51] [ INFO ] [ServidorEndereco:30] A tabela Paciente foi criada!
[2021-11-08 21:12:51] [ INFO ] [ServidorEndereco:57] O Endereco com o id 1 foi incluído!
[2021-11-08 21:13:51] [ INFO ] [ServidorEndereco:29] A tabela Endereco foi criada!
[2021-11-08 21:13:51] [ INFO ] [ServidorEndereco:30] A tabela Paciente foi criada!
[2021-11-08 21:13:51] [ INFO ] [ServidorEndereco:57] O Endereco com o id 1 foi incluído!
[2021-11-08 21:14:49] [ INFO ] [ServidorEndereco:29] A tabela Endereco foi criada!
[2021-11-08 21:14:49] [ INFO ] [ServidorEndereco:30] A tabela Paciente foi criada!
[2021-11-08 21:14:49] [ INFO ] [ServidorEndereco:57] O Endereco com o id 1 foi incluído!
[2021-11-08 21:16:38] [ INFO ] [ServidorEndereco:29] A tabela Endereco foi criada!
[2021-11-08 21:16:38] [ INFO ] [ServidorEndereco:30] A tabela Paciente foi criada!
[2021-11-08 21:16:38] [ INFO ] [ServidorEndereco:57] O Endereco com o id 1 foi incluído!
[2021-11-08 21:19:14] [ INFO ] [ServidorEndereco:29] A tabela Endereco foi criada!
[2021-11-08 21:19:14] [ INFO ] [ServidorEndereco:30] A tabela Paciente foi criada!
[2021-11-08 21:19:15] [ INFO ] [ServidorEndereco:57] O Endereco com o id 1 foi incluído!
[2021-11-08 21:19:36] [ INFO ] [ServidorEndereco:29] A tabela Endereco foi criada!
[2021-11-08 21:19:36] [ INFO ] [ServidorEndereco:30] A tabela Paciente foi criada!
[2021-11-08 21:19:36] [ INFO ] [ServidorEndereco:57] O Endereco com o id 1 foi incluído!
[2021-11-08 21:20:23] [ INFO ] [ServidorEndereco:29] A tabela Endereco foi criada!
[2021-11-08 21:20:23] [ INFO ] [ServidorEndereco:30] A tabela Paciente foi criada!
[2021-11-08 21:20:24] [ INFO ] [ServidorEndereco:57] O Endereco com o id 1 foi incluído!
[2021-11-08 21:20:53] [ INFO ] [ServidorEndereco:29] A tabela Endereco foi criada!
[2021-11-08 21:20:53] [ INFO ] [ServidorEndereco:30] A tabela Paciente foi criada!
[2021-11-08 21:20:53] [ INFO ] [ServidorEndereco:57] O Endereco com o id 1 foi incluído!
[2021-11-08 21:21:32] [ INFO ] [ServidorEndereco:29] A tabela Endereco foi criada!
[2021-11-08 21:21:32] [ INFO ] [ServidorEndereco:30] A tabela Paciente foi criada!
[2021-11-08 21:21:32] [ INFO ] [ServidorEndereco:57] O Endereco com o id 1 foi incluído!
[2021-11-08 21:21:32] [ INFO ] [ServidorEndereco:54] O Paciente Carol Hakamada foi incluído!
[2021-11-08 21:22:02] [ INFO ] [ServidorEndereco:29] A tabela Endereco foi criada!
[2021-11-08 21:22:02] [ INFO ] [ServidorEndereco:30] A tabela Paciente foi criada!
[2021-11-08 21:22:02] [ INFO ] [ServidorEndereco:57] O Endereco com o id 1 foi incluído!
[2021-11-08 21:22:02] [ INFO ] [ServidorEndereco:54] O Paciente Carol Hakamada foi incluído!
[2021-11-08 21:22:02] [ INFO ] [ServidorEndereco:125] 
--------------------
1 
Carol 
Hakamada 
73645474 
1 
--------------------
[2021-11-08 21:22:27] [ INFO ] [ServidorEndereco:29] A tabela Endereco foi criada!
[2021-11-08 21:22:27] [ INFO ] [ServidorEndereco:30] A tabela Paciente foi criada!
[2021-11-08 21:22:27] [ INFO ] [ServidorEndereco:57] O Endereco com o id 1 foi incluído!
[2021-11-08 21:22:27] [ INFO ] [ServidorEndereco:54] O Paciente Carol Hakamada foi incluído!
[2021-11-08 21:22:27] [ INFO ] [ServidorEndereco:100] 
--------------------
 1 
Carol 
Hakamada 
73645474 
1 
2021-11-08 
--------------------
[2021-11-08 21:25:30] [ INFO ] [ServidorEndereco:29] A tabela Endereco foi criada!
[2021-11-08 21:25:30] [ INFO ] [ServidorEndereco:30] A tabela Paciente foi criada!
[2021-11-08 21:25:30] [ INFO ] [ServidorEndereco:57] O Endereco com o id 1 foi incluído!
[2021-11-08 21:25:30] [ INFO ] [ServidorEndereco:54] O Paciente Carol Hakamada foi incluído!
[2021-11-08 21:25:30] [ INFO ] [ServidorEndereco:125] 
--------------------
1 
Carol 
Hakamada 
73645474 
1 
2021-11-08 
--------------------
[2021-11-08 21:25:57] [ INFO ] [ServidorEndereco:29] A tabela Endereco foi criada!
[2021-11-08 21:25:57] [ INFO ] [ServidorEndereco:30] A tabela Paciente foi criada!
[2021-11-08 21:25:57] [ INFO ] [ServidorEndereco:57] O Endereco com o id 1 foi incluído!
[2021-11-08 21:25:57] [ INFO ] [ServidorEndereco:54] O Paciente Carol Hakamada foi incluído!
[2021-11-08 21:25:57] [ INFO ] [ServidorEndereco:125] 
--------------------
1 
Carol
Hakamada 
73645474 
1 
2021-11-08 
--------------------
[2021-11-08 21:26:12] [ INFO ] [ServidorEndereco:29] A tabela Endereco foi criada!
[2021-11-08 21:26:12] [ INFO ] [ServidorEndereco:30] A tabela Paciente foi criada!
[2021-11-08 21:26:12] [ INFO ] [ServidorEndereco:57] O Endereco com o id 1 foi incluído!
[2021-11-08 21:26:12] [ INFO ] [ServidorEndereco:54] O Paciente Carol Hakamada foi incluído!
[2021-11-08 21:26:12] [ INFO ] [ServidorEndereco:125] 
--------------------
1 
Carol Hakamada 
73645474 
1 
2021-11-08 
--------------------
[2021-11-08 21:33:29] [ INFO ] [ServidorEndereco:29] A tabela Endereco foi criada!
[2021-11-08 21:33:29] [ INFO ] [ServidorEndereco:30] A tabela Paciente foi criada!
[2021-11-08 21:33:29] [ INFO ] [ServidorEndereco:57] O Endereco com o id 1 foi incluído!
[2021-11-08 21:33:29] [ INFO ] [ServidorEndereco:54] O Paciente Carol Hakamada foi incluído!
[2021-11-08 21:33:29] [ INFO ] [ServidorEndereco:125] 
--------------------
1 
Carol Hakamada 
73645474 
1 
2021-11-08 
--------------------
[2021-11-12 20:33:34] [ INFO ] [ServidorEndereco:29] A tabela Endereco foi criada!
[2021-11-12 20:33:34] [ INFO ] [ServidorEndereco:30] A tabela Paciente foi criada!
[2021-11-12 20:33:35] [ INFO ] [ServidorEndereco:57] O Endereco com o id 1 foi incluído!
[2021-11-12 20:33:35] [ INFO ] [ServidorEndereco:54] O Paciente Carol Hakamada foi incluído!
[2021-11-12 20:33:35] [ INFO ] [ServidorEndereco:125] 
--------------------
1 
Carol Hakamada 
73645474 
1 
2021-11-12 
--------------------
[2021-11-12 21:05:52] [ INFO ] [ServidorEndereco:29] A tabela Endereco foi criada!
[2021-11-12 21:05:52] [ INFO ] [ServidorEndereco:30] A tabela Paciente foi criada!
[2021-11-12 21:05:52] [ INFO ] [ServidorEndereco:57] O Endereco com o id 1 foi incluído!
[2021-11-12 21:05:52] [ INFO ] [ServidorEndereco:54] O Paciente Carol Hakamada foi incluído!
[2021-11-12 21:05:52] [ INFO ] [ServidorEndereco:125] 
--------------------
1 
Carol Hakamada 
73645474 
1 
2021-11-12 
--------------------
[2021-11-12 21:07:21] [ INFO ] [ServidorEndereco:29] A tabela Endereco foi criada!
[2021-11-12 21:07:21] [ INFO ] [ServidorEndereco:57] O Endereco com o id 1 foi incluído!
[2021-11-12 21:07:21] [ INFO ] [ServidorEndereco:57] O Endereco com o id 2 foi incluído!
[2021-11-12 21:07:21] [ INFO ] [ServidorEndereco:54] O Paciente Barbie Mattel foi incluído!
[2021-11-12 21:07:21] [ INFO ] [ServidorEndereco:54] O Paciente Woody Pixar foi incluído!
[2021-11-12 21:07:21] [ INFO ] [ServidorEndereco:30] A tabela Paciente foi criada!
[2021-11-12 21:09:03] [ INFO ] [ServidorEndereco:29] A tabela Endereco foi criada!
[2021-11-12 21:09:03] [ INFO ] [ServidorEndereco:57] O Endereco com o id 1 foi incluído!
[2021-11-12 21:09:03] [ INFO ] [ServidorEndereco:57] O Endereco com o id 2 foi incluído!
[2021-11-12 21:09:03] [ INFO ] [ServidorEndereco:30] A tabela Paciente foi criada!
[2021-11-12 21:09:03] [ INFO ] [ServidorEndereco:54] O Paciente Barbie Mattel foi incluído!
[2021-11-12 21:09:03] [ INFO ] [ServidorEndereco:54] O Paciente Woody Pixar foi incluído!
[2021-11-12 21:09:03] [ INFO ] [ServidorEndereco:125] 
--------------------
1 
Barbie Mattel 
73633374 
1 
2021-11-12 
--------------------
[2021-11-12 21:09:03] [ INFO ] [ServidorEndereco:125] 
--------------------
2 
Woody Pixar 
768536354 
2 
2021-11-12 
--------------------
[2021-11-12 21:19:20] [ INFO ] [ServidorEndereco:29] A tabela Endereco foi criada!
[2021-11-12 21:19:20] [ INFO ] [ServidorEndereco:57] O Endereco com o id 1 foi incluído!
[2021-11-12 21:19:20] [ INFO ] [ServidorEndereco:57] O Endereco com o id 2 foi incluído!
[2021-11-12 21:19:20] [ INFO ] [ServidorEndereco:30] A tabela Paciente foi criada!
[2021-11-12 21:19:20] [ INFO ] [ServidorEndereco:54] O Paciente Barbie Mattel foi incluído!
[2021-11-12 21:19:20] [ INFO ] [ServidorEndereco:54] O Paciente Woody Pixar foi incluído!
[2021-11-12 21:19:20] [ INFO ] [ServidorEndereco:125] 
--------------------
1 
Barbie Mattel 
73633374 
1 
2021-11-12 
--------------------
[2021-11-12 21:19:20] [ INFO ] [ServidorEndereco:125] 
--------------------
2 
Woody Pixar 
761236354 
2 
2021-11-12 
--------------------
[2021-11-12 21:19:20] [ WARN ] [ServidorEndereco:84] O Paciente com o id 3 foi deletado!
[2021-11-12 21:21:31] [ INFO ] [ServidorEndereco:29] A tabela Endereco foi criada!
[2021-11-12 21:21:32] [ INFO ] [ServidorEndereco:57] O Endereco com o id 1 foi incluído!
[2021-11-12 21:21:32] [ INFO ] [ServidorEndereco:57] O Endereco com o id 2 foi incluído!
[2021-11-12 21:21:32] [ INFO ] [ServidorEndereco:30] A tabela Paciente foi criada!
[2021-11-12 21:21:32] [ INFO ] [ServidorEndereco:54] O Paciente Barbie Mattel foi incluído!
[2021-11-12 21:21:32] [ INFO ] [ServidorEndereco:54] O Paciente Woody Pixar foi incluído!
[2021-11-12 21:21:32] [ INFO ] [ServidorEndereco:125] 
--------------------
1 
Barbie Mattel 
73633374 
1 
2021-11-12 
--------------------
[2021-11-12 21:21:32] [ INFO ] [ServidorEndereco:125] 
--------------------
2 
Woody Pixar 
761236354 
2 
2021-11-12 
--------------------
[2021-11-12 21:21:32] [ INFO ] [ServidorEndereco:57] O Endereco com o id 3 foi incluído!
[2021-11-12 21:21:32] [ INFO ] [ServidorEndereco:54] O Paciente Totoro Miyasaki foi incluído!
[2021-11-12 21:21:32] [ INFO ] [ServidorEndereco:100] 
--------------------
 3 
Totoro Miyasaki 
5345456 
3 
2021-11-12 
--------------------
[2021-11-12 21:21:32] [ WARN ] [ServidorEndereco:84] O Paciente com o id 3 foi deletado!
[2021-11-12 21:44:53] [ INFO ] [ServidorEndereco:29] A tabela Endereco foi criada!
[2021-11-12 21:44:53] [ INFO ] [ServidorEndereco:57] O Endereco com o id 1 foi incluído!
[2021-11-12 21:44:53] [ INFO ] [ServidorEndereco:57] O Endereco com o id 2 foi incluído!
[2021-11-12 21:44:53] [ INFO ] [ServidorEndereco:30] A tabela Paciente foi criada!
[2021-11-12 21:44:53] [ INFO ] [ServidorEndereco:54] O Paciente Barbie Mattel foi incluído!
[2021-11-12 21:44:53] [ INFO ] [ServidorEndereco:54] O Paciente Woody Pixar foi incluído!
[2021-11-12 21:44:53] [ INFO ] [ServidorEndereco:130] 
--------------------
1 
Barbie Mattel 
73633374 
1 
2021-11-12 
--------------------
[2021-11-12 21:44:53] [ INFO ] [ServidorEndereco:130] 
--------------------
2 
Woody Pixar 
761236354 
2 
2021-11-12 
--------------------
[2021-11-12 21:44:53] [ INFO ] [ServidorEndereco:57] O Endereco com o id 3 foi incluído!
[2021-11-12 21:44:53] [ INFO ] [ServidorEndereco:54] O Paciente Totoro Miyasaki foi incluído!
[2021-11-12 21:44:53] [ INFO ] [ServidorEndereco:104] 
--------------------
 3 
Totoro Miyasaki 
5345456 
3 
2021-11-12 
--------------------
[2021-11-12 21:44:53] [ WARN ] [ServidorEndereco:84] O Paciente com o id 3 foi deletado!
[2021-11-12 21:46:47] [ INFO ] [ServidorEndereco:29] A tabela Endereco foi criada!
[2021-11-12 21:46:48] [ INFO ] [ServidorEndereco:57] O Endereco com o id 1 foi incluído!
[2021-11-12 21:46:48] [ INFO ] [ServidorEndereco:57] O Endereco com o id 2 foi incluído!
[2021-11-12 21:46:48] [ INFO ] [ServidorEndereco:30] A tabela Paciente foi criada!
[2021-11-12 21:46:48] [ INFO ] [ServidorEndereco:54] O Paciente Barbie Mattel foi incluído!
[2021-11-12 21:46:48] [ INFO ] [ServidorEndereco:54] O Paciente Woody Pixar foi incluído!
[2021-11-12 21:46:48] [ INFO ] [ServidorEndereco:130] 
--------------------
1 
Barbie Mattel 
73633374 
1 
2021-11-12 
--------------------
[2021-11-12 21:46:48] [ INFO ] [ServidorEndereco:130] 
--------------------
2 
Woody Pixar 
761236354 
2 
2021-11-12 
--------------------
[2021-11-12 21:46:48] [ INFO ] [ServidorEndereco:57] O Endereco com o id 3 foi incluído!
[2021-11-12 21:46:48] [ INFO ] [ServidorEndereco:54] O Paciente Totoro Miyasaki foi incluído!
[2021-11-12 21:46:48] [ INFO ] [ServidorEndereco:104] 
--------------------
 3 
Totoro Miyasaki 
5345456 
3 
2021-11-12 
--------------------
[2021-11-12 21:46:48] [ WARN ] [ServidorEndereco:84] O Paciente com o id 3 foi deletado!
[2021-11-12 21:47:54] [ INFO ] [ServidorEndereco:29] A tabela Endereco foi criada!
[2021-11-12 21:47:54] [ INFO ] [ServidorEndereco:57] O Endereco com o id 1 foi incluído!
[2021-11-12 21:47:54] [ INFO ] [ServidorEndereco:57] O Endereco com o id 2 foi incluído!
[2021-11-12 21:47:54] [ INFO ] [ServidorEndereco:30] A tabela Paciente foi criada!
[2021-11-12 21:47:55] [ INFO ] [ServidorEndereco:54] O Paciente Barbie Mattel foi incluído!
[2021-11-12 21:47:55] [ INFO ] [ServidorEndereco:54] O Paciente Woody Pixar foi incluído!
[2021-11-12 21:47:55] [ INFO ] [ServidorEndereco:130] 
--------------------
1 
Barbie Mattel 
73633374 
1 
2021-11-12 
--------------------
[2021-11-12 21:47:55] [ INFO ] [ServidorEndereco:130] 
--------------------
2 
Woody Pixar 
761236354 
2 
2021-11-12 
--------------------
[2021-11-12 21:47:55] [ INFO ] [ServidorEndereco:57] O Endereco com o id 3 foi incluído!
[2021-11-12 21:47:55] [ INFO ] [ServidorEndereco:54] O Paciente Totoro Miyasaki foi incluído!
[2021-11-12 21:47:55] [ INFO ] [ServidorEndereco:104] 
--------------------
 3 
Totoro Miyasaki 
5345456 
3 
2021-11-12 
--------------------
[2021-11-12 21:47:55] [ WARN ] [ServidorEndereco:84] O Paciente com o id 3 foi deletado!
[2021-11-12 21:47:55] [ INFO ] [ServidorEndereco:104] 
--------------------
 2 
Woody Pixar 
761236354 
2 
2021-11-12 
--------------------
[2021-11-12 21:49:41] [ INFO ] [ServidorEndereco:29] A tabela Endereco foi criada!
[2021-11-12 21:49:41] [ INFO ] [ServidorEndereco:57] O Endereco com o id 1 foi incluído!
[2021-11-12 21:49:41] [ INFO ] [ServidorEndereco:57] O Endereco com o id 2 foi incluído!
[2021-11-12 21:49:41] [ INFO ] [ServidorEndereco:30] A tabela Paciente foi criada!
[2021-11-12 21:49:41] [ INFO ] [ServidorEndereco:54] O Paciente Barbie Mattel foi incluído!
[2021-11-12 21:49:41] [ INFO ] [ServidorEndereco:54] O Paciente Woody Pixar foi incluído!
[2021-11-12 21:49:41] [ INFO ] [ServidorEndereco:130] 
--------------------
1 
Barbie Mattel 
73633374 
1 
2021-11-12 
--------------------
[2021-11-12 21:49:41] [ INFO ] [ServidorEndereco:130] 
--------------------
2 
Woody Pixar 
761236354 
2 
2021-11-12 
--------------------
[2021-11-12 21:49:41] [ INFO ] [ServidorEndereco:57] O Endereco com o id 3 foi incluído!
[2021-11-12 21:49:41] [ INFO ] [ServidorEndereco:54] O Paciente Totoro Miyasaki foi incluído!
[2021-11-12 21:49:41] [ INFO ] [ServidorEndereco:104] 
--------------------
 3 
Totoro Miyasaki 
5345456 
3 
2021-11-12 
--------------------
[2021-11-12 21:49:41] [ WARN ] [ServidorEndereco:84] O Paciente com o id 3 foi deletado!
[2021-11-12 21:50:47] [ INFO ] [ServidorEndereco:29] A tabela Endereco foi criada!
[2021-11-12 21:50:47] [ INFO ] [ServidorEndereco:57] O Endereco com o id 1 foi incluído!
[2021-11-12 21:50:47] [ INFO ] [ServidorEndereco:57] O Endereco com o id 2 foi incluído!
[2021-11-12 21:50:47] [ INFO ] [ServidorEndereco:31] A tabela Paciente foi criada!
[2021-11-12 21:50:47] [ INFO ] [ServidorEndereco:55] O Paciente Barbie Mattel foi incluído!
[2021-11-12 21:50:47] [ INFO ] [ServidorEndereco:55] O Paciente Woody Pixar foi incluído!
[2021-11-12 21:50:47] [ INFO ] [ServidorEndereco:131] 
--------------------
1 
Barbie Mattel 
73633374 
1 
2021-11-12 
--------------------
[2021-11-12 21:50:47] [ INFO ] [ServidorEndereco:131] 
--------------------
2 
Woody Pixar 
761236354 
2 
2021-11-12 
--------------------
[2021-11-12 21:50:47] [ INFO ] [ServidorEndereco:57] O Endereco com o id 3 foi incluído!
[2021-11-12 21:50:47] [ INFO ] [ServidorEndereco:55] O Paciente Totoro Miyasaki foi incluído!
[2021-11-12 21:50:47] [ INFO ] [ServidorEndereco:105] 
--------------------
 3 
Totoro Miyasaki 
5345456 
3 
2021-11-12 
--------------------
[2021-11-12 21:50:48] [ WARN ] [ServidorEndereco:85] O Paciente com o id 3 foi deletado!
[2021-11-12 21:51:44] [ INFO ] [ServidorEndereco:29] A tabela Endereco foi criada!
[2021-11-12 21:51:45] [ INFO ] [ServidorEndereco:57] O Endereco com o id 1 foi incluído!
[2021-11-12 21:51:45] [ INFO ] [ServidorEndereco:57] O Endereco com o id 2 foi incluído!
[2021-11-12 21:51:45] [ INFO ] [ServidorEndereco:31] A tabela Paciente foi criada!
[2021-11-12 21:51:45] [ INFO ] [ServidorEndereco:55] O Paciente Barbie Mattel foi incluído!
[2021-11-12 21:51:45] [ INFO ] [ServidorEndereco:55] O Paciente Woody Pixar foi incluído!
[2021-11-12 21:51:45] [ INFO ] [ServidorEndereco:131] 
--------------------
1 
Barbie Mattel 
73633374 
1 
2021-11-12 
--------------------
[2021-11-12 21:51:45] [ INFO ] [ServidorEndereco:131] 
--------------------
2 
Woody Pixar 
761236354 
2 
2021-11-12 
--------------------
[2021-11-12 21:51:45] [ INFO ] [ServidorEndereco:57] O Endereco com o id 3 foi incluído!
[2021-11-12 21:51:45] [ INFO ] [ServidorEndereco:55] O Paciente Totoro Miyasaki foi incluído!
[2021-11-12 21:51:45] [ INFO ] [ServidorEndereco:105] 
--------------------
 3 
Totoro Miyasaki 
5345456 
3 
2021-11-12 
--------------------
[2021-11-12 21:51:45] [ WARN ] [ServidorEndereco:85] O Paciente com o id 3 foi deletado!
[2021-11-12 21:55:15] [ INFO ] [ServidorEndereco:29] A tabela Endereco foi criada!
[2021-11-12 21:55:15] [ INFO ] [ServidorEndereco:57] O Endereco com o id 1 foi incluído!
[2021-11-12 21:55:15] [ INFO ] [ServidorEndereco:57] O Endereco com o id 2 foi incluído!
[2021-11-12 21:55:15] [ INFO ] [ServidorEndereco:31] A tabela Paciente foi criada!
[2021-11-12 21:55:15] [ INFO ] [ServidorEndereco:55] O Paciente Barbie Mattel foi incluído!
[2021-11-12 21:55:15] [ INFO ] [ServidorEndereco:55] O Paciente Woody Pixar foi incluído!
[2021-11-12 21:55:15] [ INFO ] [ServidorEndereco:132] 
--------------------
1 
Barbie Mattel 
73633374 
1 
2021-11-12 
--------------------
[2021-11-12 21:55:15] [ INFO ] [ServidorEndereco:132] 
--------------------
2 
Woody Pixar 
761236354 
2 
2021-11-12 
--------------------
[2021-11-12 21:55:15] [ INFO ] [ServidorEndereco:57] O Endereco com o id 3 foi incluído!
[2021-11-12 21:55:15] [ INFO ] [ServidorEndereco:55] O Paciente Totoro Miyasaki foi incluído!
[2021-11-12 21:55:15] [ INFO ] [ServidorEndereco:106] 
--------------------
 3 
Totoro Miyasaki 
5345456 
3 
2021-11-12 
--------------------
[2021-11-12 21:55:16] [ WARN ] [ServidorEndereco:85] O Paciente com o id 3 foi deletado!
[2021-11-12 21:56:42] [ INFO ] [ServidorEndereco:29] A tabela Endereco foi criada!
[2021-11-12 21:56:42] [ INFO ] [ServidorEndereco:57] O Endereco com o id 1 foi incluído!
[2021-11-12 21:56:42] [ INFO ] [ServidorEndereco:57] O Endereco com o id 2 foi incluído!
[2021-11-12 21:56:42] [ INFO ] [ServidorEndereco:31] A tabela Paciente foi criada!
[2021-11-12 21:56:42] [ INFO ] [ServidorEndereco:55] O Paciente Barbie Mattel foi incluído!
[2021-11-12 21:56:42] [ INFO ] [ServidorEndereco:55] O Paciente Woody Pixar foi incluído!
[2021-11-12 21:56:42] [ INFO ] [ServidorEndereco:134] 
--------------------
1 
Barbie Mattel 
73633374 
1 
2021-11-12 
--------------------
[2021-11-12 21:56:42] [ INFO ] [ServidorEndereco:134] 
--------------------
2 
Woody Pixar 
761236354 
2 
2021-11-12 
--------------------
[2021-11-12 21:56:42] [ INFO ] [ServidorEndereco:57] O Endereco com o id 3 foi incluído!
[2021-11-12 21:56:42] [ INFO ] [ServidorEndereco:55] O Paciente Totoro Miyasaki foi incluído!
[2021-11-12 21:56:42] [ WARN ] [ServidorEndereco:85] O Paciente com o id 3 foi deletado!
[2021-11-12 21:57:11] [ INFO ] [ServidorEndereco:29] A tabela Endereco foi criada!
[2021-11-12 21:57:11] [ INFO ] [ServidorEndereco:57] O Endereco com o id 1 foi incluído!
[2021-11-12 21:57:11] [ INFO ] [ServidorEndereco:57] O Endereco com o id 2 foi incluído!
[2021-11-12 21:57:11] [ INFO ] [ServidorEndereco:31] A tabela Paciente foi criada!
[2021-11-12 21:57:11] [ INFO ] [ServidorEndereco:55] O Paciente Barbie Mattel foi incluído!
[2021-11-12 21:57:11] [ INFO ] [ServidorEndereco:55] O Paciente Woody Pixar foi incluído!
[2021-11-12 21:57:11] [ INFO ] [ServidorEndereco:133] 
--------------------
1 
Barbie Mattel 
73633374 
1 
2021-11-12 
--------------------
[2021-11-12 21:57:11] [ INFO ] [ServidorEndereco:133] 
--------------------
2 
Woody Pixar 
761236354 
2 
2021-11-12 
--------------------
[2021-11-12 21:57:12] [ INFO ] [ServidorEndereco:57] O Endereco com o id 3 foi incluído!
[2021-11-12 21:57:12] [ INFO ] [ServidorEndereco:55] O Paciente Totoro Miyasaki foi incluído!
[2021-11-12 21:57:12] [ WARN ] [ServidorEndereco:85] O Paciente com o id 3 foi deletado!
[2021-11-12 21:59:36] [ INFO ] [ServidorEndereco:29] A tabela Endereco foi criada!
[2021-11-12 21:59:36] [ INFO ] [ServidorEndereco:57] O Endereco com o id 1 foi incluído!
[2021-11-12 21:59:36] [ INFO ] [ServidorEndereco:57] O Endereco com o id 2 foi incluído!
[2021-11-12 21:59:36] [ INFO ] [ServidorEndereco:31] A tabela Paciente foi criada!
[2021-11-12 21:59:36] [ INFO ] [ServidorEndereco:55] O Paciente Barbie Mattel foi incluído!
[2021-11-12 21:59:36] [ INFO ] [ServidorEndereco:55] O Paciente Woody Pixar foi incluído!
[2021-11-12 21:59:36] [ INFO ] [ServidorEndereco:133] 
--------------------
1 
Barbie Mattel 
73633374 
1 
2021-11-12 
--------------------
[2021-11-12 21:59:36] [ INFO ] [ServidorEndereco:133] 
--------------------
2 
Woody Pixar 
761236354 
2 
2021-11-12 
--------------------
[2021-11-12 21:59:36] [ INFO ] [ServidorEndereco:57] O Endereco com o id 3 foi incluído!
[2021-11-12 21:59:36] [ INFO ] [ServidorEndereco:55] O Paciente Totoro Miyasaki foi incluído!
[2021-11-12 21:59:36] [ WARN ] [ServidorEndereco:85] O Paciente com o id 3 foi deletado!
[2021-11-12 22:00:39] [ INFO ] [ServidorEndereco:29] A tabela Endereco foi criada!
[2021-11-12 22:00:39] [ INFO ] [ServidorEndereco:57] O Endereco com o id 1 foi incluído!
[2021-11-12 22:00:39] [ INFO ] [ServidorEndereco:57] O Endereco com o id 2 foi incluído!
[2021-11-12 22:00:39] [ INFO ] [ServidorEndereco:31] A tabela Paciente foi criada!
[2021-11-12 22:00:39] [ INFO ] [ServidorEndereco:55] O Paciente Barbie Mattel foi incluído!
[2021-11-12 22:00:39] [ INFO ] [ServidorEndereco:55] O Paciente Woody Pixar foi incluído!
[2021-11-12 22:00:39] [ INFO ] [ServidorEndereco:134] 
--------------------
1 
Barbie Mattel 
73633374 
1 
2021-11-12 
--------------------
[2021-11-12 22:00:39] [ INFO ] [ServidorEndereco:134] 
--------------------
2 
Woody Pixar 
761236354 
2 
2021-11-12 
--------------------
[2021-11-12 22:00:40] [ INFO ] [ServidorEndereco:57] O Endereco com o id 3 foi incluído!
[2021-11-12 22:00:40] [ INFO ] [ServidorEndereco:55] O Paciente Totoro Miyasaki foi incluído!
[2021-11-12 22:00:40] [ INFO ] [ServidorEndereco:108] 
--------------------
 3 
Totoro Miyasaki 
5345456 
3 
2021-11-12 
--------------------
[2021-11-12 22:00:40] [ WARN ] [ServidorEndereco:85] O Paciente com o id 3 foi deletado!
[2021-11-12 22:11:27] [ INFO ] [ServidorEndereco:29] A tabela Endereco foi criada!
[2021-11-12 22:11:27] [ INFO ] [ServidorEndereco:57] O Endereco com o id 1 foi incluído!
[2021-11-12 22:11:27] [ INFO ] [ServidorEndereco:57] O Endereco com o id 2 foi incluído!
[2021-11-12 22:11:28] [ INFO ] [ServidorEndereco:31] A tabela Paciente foi criada!
[2021-11-12 22:11:28] [ INFO ] [ServidorEndereco:55] O Paciente Barbie Mattel foi incluído!
[2021-11-12 22:11:28] [ INFO ] [ServidorEndereco:55] O Paciente Woody Pixar foi incluído!
[2021-11-12 22:11:28] [ INFO ] [ServidorEndereco:131] 
--------------------
1 
Barbie Mattel 
73633374 
1 
2021-11-12 
--------------------
[2021-11-12 22:11:28] [ INFO ] [ServidorEndereco:131] 
--------------------
2 
Woody Pixar 
761236354 
2 
2021-11-12 
--------------------
[2021-11-12 22:11:28] [ INFO ] [ServidorEndereco:57] O Endereco com o id 3 foi incluído!
[2021-11-12 22:11:28] [ INFO ] [ServidorEndereco:55] O Paciente Totoro Miyasaki foi incluído!
[2021-11-12 22:11:28] [ INFO ] [ServidorEndereco:105] 
--------------------
 3 
Totoro Miyasaki 
5345456 
3 
2021-11-12 
--------------------
[2021-11-12 22:11:28] [ WARN ] [ServidorEndereco:85] O Paciente com o id 3 foi deletado!
[2021-11-12 22:12:19] [ INFO ] [ServidorEndereco:29] A tabela Endereco foi criada!
[2021-11-12 22:12:19] [ INFO ] [ServidorEndereco:57] O Endereco com o id 1 foi incluído!
[2021-11-12 22:12:19] [ INFO ] [ServidorEndereco:57] O Endereco com o id 2 foi incluído!
[2021-11-12 22:12:19] [ INFO ] [ServidorEndereco:31] A tabela Paciente foi criada!
[2021-11-12 22:12:19] [ INFO ] [ServidorEndereco:55] O Paciente Barbie Mattel foi incluído!
[2021-11-12 22:12:19] [ INFO ] [ServidorEndereco:55] O Paciente Woody Pixar foi incluído!
[2021-11-12 22:12:19] [ INFO ] [ServidorEndereco:132] 
--------------------
1 
Barbie Mattel 
73633374 
1 
2021-11-12 
--------------------
[2021-11-12 22:12:19] [ INFO ] [ServidorEndereco:132] 
--------------------
2 
Woody Pixar 
761236354 
2 
2021-11-12 
--------------------
[2021-11-12 22:12:19] [ INFO ] [ServidorEndereco:57] O Endereco com o id 3 foi incluído!
[2021-11-12 22:12:19] [ INFO ] [ServidorEndereco:55] O Paciente Totoro Miyasaki foi incluído!
[2021-11-12 22:12:19] [ INFO ] [ServidorEndereco:106] 
--------------------
 3 
Totoro Miyasaki 
5345456 
3 
2021-11-12 
--------------------
[2021-11-12 22:12:19] [ WARN ] [ServidorEndereco:85] O Paciente com o id 3 foi deletado!
[2021-11-12 22:14:47] [ INFO ] [ServidorEndereco:29] A tabela Endereco foi criada!
[2021-11-12 22:14:47] [ INFO ] [ServidorEndereco:57] O Endereco com o id 1 foi incluído!
[2021-11-12 22:14:47] [ INFO ] [ServidorEndereco:57] O Endereco com o id 2 foi incluído!
[2021-11-12 22:14:47] [ INFO ] [ServidorEndereco:31] A tabela Paciente foi criada!
[2021-11-12 22:14:47] [ INFO ] [ServidorEndereco:55] O Paciente Barbie Mattel foi incluído!
[2021-11-12 22:14:47] [ INFO ] [ServidorEndereco:55] O Paciente Woody Pixar foi incluído!
[2021-11-12 22:14:47] [ INFO ] [ServidorEndereco:57] O Endereco com o id 3 foi incluído!
[2021-11-12 22:14:47] [ INFO ] [ServidorEndereco:55] O Paciente Totoro Miyasaki foi incluído!
[2021-11-12 22:14:47] [ INFO ] [ServidorEndereco:106] 
--------------------
 3 
Totoro Miyasaki 
5345456 
3 
2021-11-12 
--------------------
[2021-11-12 22:14:47] [ WARN ] [ServidorEndereco:85] O Paciente com o id 3 foi deletado!
[2021-11-12 22:15:48] [ INFO ] [ServidorEndereco:29] A tabela Endereco foi criada!
[2021-11-12 22:15:48] [ INFO ] [ServidorEndereco:57] O Endereco com o id 1 foi incluído!
[2021-11-12 22:15:48] [ INFO ] [ServidorEndereco:57] O Endereco com o id 2 foi incluído!
[2021-11-12 22:15:48] [ INFO ] [ServidorEndereco:31] A tabela Paciente foi criada!
[2021-11-12 22:15:48] [ INFO ] [ServidorEndereco:55] O Paciente Barbie Mattel foi incluído!
[2021-11-12 22:15:48] [ INFO ] [ServidorEndereco:55] O Paciente Woody Pixar foi incluído!
[2021-11-12 22:15:48] [ INFO ] [ServidorEndereco:57] O Endereco com o id 3 foi incluído!
[2021-11-12 22:15:48] [ INFO ] [ServidorEndereco:55] O Paciente Totoro Miyasaki foi incluído!
[2021-11-12 22:15:48] [ INFO ] [ServidorEndereco:107] 
--------------------
 3 
Totoro Miyasaki 
5345456 
3 
2021-11-12 
--------------------
[2021-11-12 22:15:48] [ WARN ] [ServidorEndereco:85] O Paciente com o id 3 foi deletado!
[2021-11-12 22:19:27] [ INFO ] [ServidorEndereco:29] A tabela Endereco foi criada!
[2021-11-12 22:19:27] [ INFO ] [ServidorEndereco:57] O Endereco com o id 1 foi incluído!
[2021-11-12 22:19:27] [ INFO ] [ServidorEndereco:57] O Endereco com o id 2 foi incluído!
[2021-11-12 22:19:27] [ INFO ] [ServidorEndereco:31] A tabela Paciente foi criada!
[2021-11-12 22:19:27] [ INFO ] [ServidorEndereco:55] O Paciente Barbie Mattel foi incluído!
[2021-11-12 22:19:27] [ INFO ] [ServidorEndereco:55] O Paciente Woody Pixar foi incluído!
[2021-11-12 22:19:27] [ INFO ] [ServidorEndereco:57] O Endereco com o id 3 foi incluído!
[2021-11-12 22:19:27] [ INFO ] [ServidorEndereco:55] O Paciente Totoro Miyasaki foi incluído!
[2021-11-12 22:19:27] [ WARN ] [ServidorEndereco:85] O Paciente com o id 3 foi deletado!
[2021-11-12 22:20:32] [ INFO ] [ServidorEndereco:29] A tabela Endereco foi criada!
[2021-11-12 22:20:32] [ INFO ] [ServidorEndereco:57] O Endereco com o id 1 foi incluído!
[2021-11-12 22:20:32] [ INFO ] [ServidorEndereco:57] O Endereco com o id 2 foi incluído!
[2021-11-12 22:20:32] [ INFO ] [ServidorEndereco:31] A tabela Paciente foi criada!
[2021-11-12 22:20:32] [ INFO ] [ServidorEndereco:55] O Paciente Barbie Mattel foi incluído!
[2021-11-12 22:20:32] [ INFO ] [ServidorEndereco:55] O Paciente Woody Pixar foi incluído!
[2021-11-12 22:20:32] [ INFO ] [ServidorEndereco:57] O Endereco com o id 3 foi incluído!
[2021-11-12 22:20:32] [ INFO ] [ServidorEndereco:55] O Paciente Totoro Miyasaki foi incluído!
[2021-11-12 22:20:32] [ WARN ] [ServidorEndereco:85] O Paciente com o id 3 foi deletado!
[2021-11-12 22:20:48] [ INFO ] [ServidorEndereco:29] A tabela Endereco foi criada!
[2021-11-12 22:20:48] [ INFO ] [ServidorEndereco:57] O Endereco com o id 1 foi incluído!
[2021-11-12 22:20:48] [ INFO ] [ServidorEndereco:57] O Endereco com o id 2 foi incluído!
[2021-11-12 22:20:48] [ INFO ] [ServidorEndereco:31] A tabela Paciente foi criada!
[2021-11-12 22:20:48] [ INFO ] [ServidorEndereco:55] O Paciente Barbie Mattel foi incluído!
[2021-11-12 22:20:48] [ INFO ] [ServidorEndereco:55] O Paciente Woody Pixar foi incluído!
[2021-11-12 22:20:48] [ INFO ] [ServidorEndereco:131] 
--------------------
1 
Barbie Mattel 
73633374 
1 
2021-11-12 
--------------------
[2021-11-12 22:20:48] [ INFO ] [ServidorEndereco:131] 
--------------------
2 
Woody Pixar 
761236354 
2 
2021-11-12 
--------------------
[2021-11-12 22:20:48] [ INFO ] [ServidorEndereco:57] O Endereco com o id 3 foi incluído!
[2021-11-12 22:20:48] [ INFO ] [ServidorEndereco:55] O Paciente Totoro Miyasaki foi incluído!
[2021-11-12 22:20:48] [ WARN ] [ServidorEndereco:85] O Paciente com o id 3 foi deletado!
[2021-11-12 22:21:37] [ INFO ] [ServidorEndereco:29] A tabela Endereco foi criada!
[2021-11-12 22:21:37] [ INFO ] [ServidorEndereco:57] O Endereco com o id 1 foi incluído!
[2021-11-12 22:21:37] [ INFO ] [ServidorEndereco:57] O Endereco com o id 2 foi incluído!
[2021-11-12 22:21:37] [ INFO ] [ServidorEndereco:31] A tabela Paciente foi criada!
[2021-11-12 22:21:37] [ INFO ] [ServidorEndereco:55] O Paciente Barbie Mattel foi incluído!
[2021-11-12 22:21:37] [ INFO ] [ServidorEndereco:55] O Paciente Woody Pixar foi incluído!
[2021-11-12 22:21:37] [ INFO ] [ServidorEndereco:133] 
--------------------
1 
Barbie Mattel 
73633374 
1 
2021-11-12 
--------------------
[2021-11-12 22:21:37] [ INFO ] [ServidorEndereco:133] 
--------------------
2 
Woody Pixar 
761236354 
2 
2021-11-12 
--------------------
[2021-11-12 22:21:37] [ INFO ] [ServidorEndereco:57] O Endereco com o id 3 foi incluído!
[2021-11-12 22:21:37] [ INFO ] [ServidorEndereco:55] O Paciente Totoro Miyasaki foi incluído!
[2021-11-12 22:21:37] [ WARN ] [ServidorEndereco:85] O Paciente com o id 3 foi deletado!
[2021-11-12 22:26:17] [ INFO ] [ServidorEndereco:29] A tabela Endereco foi criada!
[2021-11-12 22:26:17] [ INFO ] [ServidorEndereco:57] O Endereco com o id 1 foi incluído!
[2021-11-12 22:26:17] [ INFO ] [ServidorEndereco:57] O Endereco com o id 2 foi incluído!
[2021-11-12 22:26:17] [ INFO ] [ServidorEndereco:31] A tabela Paciente foi criada!
[2021-11-12 22:26:17] [ INFO ] [ServidorEndereco:55] O Paciente Barbie Mattel foi incluído!
[2021-11-12 22:26:17] [ INFO ] [ServidorEndereco:55] O Paciente Woody Pixar foi incluído!
[2021-11-12 22:26:17] [ INFO ] [ServidorEndereco:134] 
--------------------
1 
Barbie Mattel 
73633374 
1 
2021-11-12 
--------------------
[2021-11-12 22:26:17] [ INFO ] [ServidorEndereco:134] 
--------------------
2 
Woody Pixar 
761236354 
2 
2021-11-12 
--------------------
[2021-11-12 22:26:17] [ INFO ] [ServidorEndereco:57] O Endereco com o id 3 foi incluído!
[2021-11-12 22:26:17] [ INFO ] [ServidorEndereco:55] O Paciente Totoro Miyasaki foi incluído!
[2021-11-12 22:26:17] [ WARN ] [ServidorEndereco:85] O Paciente com o id 3 foi deletado!
[2021-11-12 22:27:25] [ INFO ] [ServidorEndereco:29] A tabela Endereco foi criada!
[2021-11-12 22:27:25] [ INFO ] [ServidorEndereco:57] O Endereco com o id 1 foi incluído!
[2021-11-12 22:27:25] [ INFO ] [ServidorEndereco:57] O Endereco com o id 2 foi incluído!
[2021-11-12 22:27:25] [ INFO ] [ServidorEndereco:31] A tabela Paciente foi criada!
[2021-11-12 22:27:25] [ INFO ] [ServidorEndereco:55] O Paciente Barbie Mattel foi incluído!
[2021-11-12 22:27:25] [ INFO ] [ServidorEndereco:55] O Paciente Woody Pixar foi incluído!
[2021-11-12 22:27:25] [ INFO ] [ServidorEndereco:134] 
--------------------
1 
Barbie Mattel 
73633374 
1 
2021-11-12 
--------------------
[2021-11-12 22:27:25] [ INFO ] [ServidorEndereco:134] 
--------------------
2 
Woody Pixar 
761236354 
2 
2021-11-12 
--------------------
[2021-11-12 22:27:25] [ INFO ] [ServidorEndereco:57] O Endereco com o id 3 foi incluído!
[2021-11-12 22:27:25] [ INFO ] [ServidorEndereco:55] O Paciente Totoro Miyasaki foi incluído!
[2021-11-12 22:27:25] [ WARN ] [ServidorEndereco:85] O Paciente com o id 3 foi deletado!
[2021-11-12 22:28:12] [ INFO ] [ServidorEndereco:29] A tabela Endereco foi criada!
[2021-11-12 22:28:12] [ INFO ] [ServidorEndereco:57] O Endereco com o id 1 foi incluído!
[2021-11-12 22:28:12] [ INFO ] [ServidorEndereco:57] O Endereco com o id 2 foi incluído!
[2021-11-12 22:28:12] [ INFO ] [ServidorEndereco:31] A tabela Paciente foi criada!
[2021-11-12 22:28:12] [ INFO ] [ServidorEndereco:55] O Paciente Barbie Mattel foi incluído!
[2021-11-12 22:28:12] [ INFO ] [ServidorEndereco:55] O Paciente Woody Pixar foi incluído!
[2021-11-12 22:28:12] [ INFO ] [ServidorEndereco:134] 
--------------------
1 
Barbie Mattel 
73633374 
1 
2021-11-12 
--------------------
[2021-11-12 22:28:12] [ INFO ] [ServidorEndereco:134] 
--------------------
2 
Woody Pixar 
761236354 
2 
2021-11-12 
--------------------
[2021-11-12 22:28:12] [ INFO ] [ServidorEndereco:57] O Endereco com o id 3 foi incluído!
[2021-11-12 22:28:12] [ INFO ] [ServidorEndereco:55] O Paciente Totoro Miyasaki foi incluído!
[2021-11-12 22:28:12] [ WARN ] [ServidorEndereco:85] O Paciente com o id 3 foi deletado!
[2021-11-12 22:28:40] [ INFO ] [ServidorEndereco:29] A tabela Endereco foi criada!
[2021-11-12 22:28:40] [ INFO ] [ServidorEndereco:57] O Endereco com o id 1 foi incluído!
[2021-11-12 22:28:40] [ INFO ] [ServidorEndereco:57] O Endereco com o id 2 foi incluído!
[2021-11-12 22:28:40] [ INFO ] [ServidorEndereco:31] A tabela Paciente foi criada!
[2021-11-12 22:28:40] [ INFO ] [ServidorEndereco:55] O Paciente Barbie Mattel foi incluído!
[2021-11-12 22:28:40] [ INFO ] [ServidorEndereco:55] O Paciente Woody Pixar foi incluído!
[2021-11-12 22:28:40] [ INFO ] [ServidorEndereco:134] 
--------------------
1 
Barbie Mattel 
73633374 
1 
2021-11-12 
--------------------
[2021-11-12 22:28:40] [ INFO ] [ServidorEndereco:134] 
--------------------
2 
Woody Pixar 
761236354 
2 
2021-11-12 
--------------------
[2021-11-12 22:28:40] [ INFO ] [ServidorEndereco:57] O Endereco com o id 3 foi incluído!
[2021-11-12 22:28:40] [ INFO ] [ServidorEndereco:55] O Paciente Totoro Miyasaki foi incluído!
[2021-11-12 22:28:40] [ WARN ] [ServidorEndereco:85] O Paciente com o id 3 foi deletado!
[2021-11-12 22:31:01] [ INFO ] [ServidorEndereco:29] A tabela Endereco foi criada!
[2021-11-12 22:31:01] [ INFO ] [ServidorEndereco:57] O Endereco com o id 1 foi incluído!
[2021-11-12 22:31:01] [ INFO ] [ServidorEndereco:57] O Endereco com o id 2 foi incluído!
[2021-11-12 22:31:01] [ INFO ] [ServidorEndereco:31] A tabela Paciente foi criada!
[2021-11-12 22:31:01] [ INFO ] [ServidorEndereco:55] O Paciente Barbie Mattel foi incluído!
[2021-11-12 22:31:01] [ INFO ] [ServidorEndereco:55] O Paciente Woody Pixar foi incluído!
[2021-11-12 22:31:01] [ INFO ] [ServidorEndereco:136] 
--------------------
1 
Barbie Mattel 
73633374 
1 
2021-11-12 
--------------------
[2021-11-12 22:31:01] [ INFO ] [ServidorEndereco:136] 
--------------------
2 
Woody Pixar 
761236354 
2 
2021-11-12 
--------------------
[2021-11-12 22:31:01] [ INFO ] [ServidorEndereco:57] O Endereco com o id 3 foi incluído!
[2021-11-12 22:31:01] [ INFO ] [ServidorEndereco:55] O Paciente Totoro Miyasaki foi incluído!
[2021-11-12 22:31:01] [ WARN ] [ServidorEndereco:85] O Paciente com o id 3 foi deletado!
[2021-11-12 22:32:03] [ INFO ] [ServidorEndereco:29] A tabela Endereco foi criada!
[2021-11-12 22:32:03] [ INFO ] [ServidorEndereco:57] O Endereco com o id 1 foi incluído!
[2021-11-12 22:32:03] [ INFO ] [ServidorEndereco:57] O Endereco com o id 2 foi incluído!
[2021-11-12 22:32:03] [ INFO ] [ServidorEndereco:31] A tabela Paciente foi criada!
[2021-11-12 22:32:03] [ INFO ] [ServidorEndereco:55] O Paciente Barbie Mattel foi incluído!
[2021-11-12 22:32:03] [ INFO ] [ServidorEndereco:55] O Paciente Woody Pixar foi incluído!
[2021-11-12 22:32:03] [ INFO ] [ServidorEndereco:135] 
--------------------
1 
Barbie Mattel 
73633374 
1 
2021-11-12 
--------------------
[2021-11-12 22:32:03] [ INFO ] [ServidorEndereco:135] 
--------------------
2 
Woody Pixar 
761236354 
2 
2021-11-12 
--------------------
[2021-11-12 22:32:03] [ INFO ] [ServidorEndereco:57] O Endereco com o id 3 foi incluído!
[2021-11-12 22:32:03] [ INFO ] [ServidorEndereco:55] O Paciente Totoro Miyasaki foi incluído!
[2021-11-12 22:32:03] [ WARN ] [ServidorEndereco:85] O Paciente com o id 3 foi deletado!
[2021-11-12 22:33:03] [ INFO ] [ServidorEndereco:29] A tabela Endereco foi criada!
[2021-11-12 22:33:03] [ INFO ] [ServidorEndereco:57] O Endereco com o id 1 foi incluído!
[2021-11-12 22:33:03] [ INFO ] [ServidorEndereco:57] O Endereco com o id 2 foi incluído!
[2021-11-12 22:33:03] [ INFO ] [ServidorEndereco:31] A tabela Paciente foi criada!
[2021-11-12 22:33:03] [ INFO ] [ServidorEndereco:55] O Paciente Barbie Mattel foi incluído!
[2021-11-12 22:33:03] [ INFO ] [ServidorEndereco:55] O Paciente Woody Pixar foi incluído!
[2021-11-12 22:33:03] [ INFO ] [ServidorEndereco:135] 
--------------------
1 
Barbie Mattel 
73633374 
1 
2021-11-12 
--------------------
[2021-11-12 22:33:03] [ INFO ] [ServidorEndereco:135] 
--------------------
2 
Woody Pixar 
761236354 
2 
2021-11-12 
--------------------
[2021-11-12 22:33:03] [ INFO ] [ServidorEndereco:57] O Endereco com o id 3 foi incluído!
[2021-11-12 22:33:03] [ INFO ] [ServidorEndereco:55] O Paciente Totoro Miyasaki foi incluído!
[2021-11-12 22:33:03] [ WARN ] [ServidorEndereco:85] O Paciente com o id 3 foi deletado!
[2021-11-12 22:34:21] [ INFO ] [ServidorEndereco:29] A tabela Endereco foi criada!
[2021-11-12 22:34:21] [ INFO ] [ServidorEndereco:57] O Endereco com o id 1 foi incluído!
[2021-11-12 22:34:21] [ INFO ] [ServidorEndereco:57] O Endereco com o id 2 foi incluído!
[2021-11-12 22:34:21] [ INFO ] [ServidorEndereco:31] A tabela Paciente foi criada!
[2021-11-12 22:34:21] [ INFO ] [ServidorEndereco:55] O Paciente Barbie Mattel foi incluído!
[2021-11-12 22:34:21] [ INFO ] [ServidorEndereco:55] O Paciente Woody Pixar foi incluído!
[2021-11-12 22:34:21] [ INFO ] [ServidorEndereco:135] 
--------------------
1 
Barbie Mattel 
73633374 
1 
2021-11-12 
--------------------
[2021-11-12 22:34:21] [ INFO ] [ServidorEndereco:135] 
--------------------
2 
Woody Pixar 
761236354 
2 
2021-11-12 
--------------------
[2021-11-12 22:34:21] [ INFO ] [ServidorEndereco:57] O Endereco com o id 3 foi incluído!
[2021-11-12 22:34:21] [ INFO ] [ServidorEndereco:55] O Paciente Totoro Miyasaki foi incluído!
[2021-11-12 22:37:06] [ WARN ] [ServidorEndereco:85] O Paciente com o id 3 foi deletado!
[2021-11-12 22:38:12] [ INFO ] [ServidorEndereco:29] A tabela Endereco foi criada!
[2021-11-12 22:38:12] [ INFO ] [ServidorEndereco:57] O Endereco com o id 1 foi incluído!
[2021-11-12 22:38:12] [ INFO ] [ServidorEndereco:57] O Endereco com o id 2 foi incluído!
[2021-11-12 22:38:12] [ INFO ] [ServidorEndereco:31] A tabela Paciente foi criada!
[2021-11-12 22:38:12] [ INFO ] [ServidorEndereco:55] O Paciente Barbie Mattel foi incluído!
[2021-11-12 22:38:12] [ INFO ] [ServidorEndereco:55] O Paciente Woody Pixar foi incluído!
[2021-11-12 22:38:12] [ INFO ] [ServidorEndereco:136] 
--------------------
1 
Barbie Mattel 
73633374 
1 
2021-11-12 
--------------------
[2021-11-12 22:38:12] [ INFO ] [ServidorEndereco:136] 
--------------------
2 
Woody Pixar 
761236354 
2 
2021-11-12 
--------------------
[2021-11-12 22:38:12] [ INFO ] [ServidorEndereco:57] O Endereco com o id 3 foi incluído!
[2021-11-12 22:38:12] [ INFO ] [ServidorEndereco:55] O Paciente Totoro Miyasaki foi incluído!
[2021-11-12 22:38:12] [ WARN ] [ServidorEndereco:85] O Paciente com o id 3 foi deletado!
[2021-11-12 22:39:39] [ INFO ] [ServidorEndereco:29] A tabela Endereco foi criada!
[2021-11-12 22:39:39] [ INFO ] [ServidorEndereco:57] O Endereco com o id 1 foi incluído!
[2021-11-12 22:39:39] [ INFO ] [ServidorEndereco:57] O Endereco com o id 2 foi incluído!
[2021-11-12 22:39:39] [ INFO ] [ServidorEndereco:31] A tabela Paciente foi criada!
[2021-11-12 22:39:39] [ INFO ] [ServidorEndereco:55] O Paciente Barbie Mattel foi incluído!
[2021-11-12 22:39:39] [ INFO ] [ServidorEndereco:55] O Paciente Woody Pixar foi incluído!
[2021-11-12 22:39:39] [ INFO ] [ServidorEndereco:136] 
--------------------
1 
Barbie Mattel 
73633374 
1 
2021-11-12 
--------------------
[2021-11-12 22:39:39] [ INFO ] [ServidorEndereco:136] 
--------------------
2 
Woody Pixar 
761236354 
2 
2021-11-12 
--------------------
[2021-11-12 22:39:39] [ INFO ] [ServidorEndereco:57] O Endereco com o id 3 foi incluído!
[2021-11-12 22:39:39] [ INFO ] [ServidorEndereco:55] O Paciente Totoro Miyasaki foi incluído!
[2021-11-12 22:39:40] [ WARN ] [ServidorEndereco:85] O Paciente com o id 3 foi deletado!
[2021-11-12 22:43:29] [ INFO ] [ServidorEndereco:29] A tabela Endereco foi criada!
[2021-11-12 22:43:29] [ INFO ] [ServidorEndereco:57] O Endereco com o id 1 foi incluído!
[2021-11-12 22:43:29] [ INFO ] [ServidorEndereco:57] O Endereco com o id 2 foi incluído!
[2021-11-12 22:43:29] [ INFO ] [ServidorEndereco:31] A tabela Paciente foi criada!
[2021-11-12 22:43:29] [ INFO ] [ServidorEndereco:55] O Paciente Barbie Mattel foi incluído!
[2021-11-12 22:43:29] [ INFO ] [ServidorEndereco:55] O Paciente Woody Pixar foi incluído!
[2021-11-12 22:43:29] [ INFO ] [ServidorEndereco:136] 
--------------------
1 
Barbie Mattel 
73633374 
1 
2021-11-12 
--------------------
[2021-11-12 22:43:29] [ INFO ] [ServidorEndereco:136] 
--------------------
2 
Woody Pixar 
761236354 
2 
2021-11-12 
--------------------
[2021-11-12 22:43:29] [ INFO ] [ServidorEndereco:57] O Endereco com o id 3 foi incluído!
[2021-11-12 22:43:29] [ INFO ] [ServidorEndereco:55] O Paciente Totoro Miyasaki foi incluído!
[2021-11-12 22:43:29] [ WARN ] [ServidorEndereco:85] O Paciente com o id 3 foi deletado!
[2021-11-12 22:44:05] [ INFO ] [ServidorEndereco:29] A tabela Endereco foi criada!
[2021-11-12 22:44:05] [ INFO ] [ServidorEndereco:57] O Endereco com o id 1 foi incluído!
[2021-11-12 22:44:05] [ INFO ] [ServidorEndereco:57] O Endereco com o id 2 foi incluído!
[2021-11-12 22:44:05] [ INFO ] [ServidorEndereco:31] A tabela Paciente foi criada!
[2021-11-12 22:44:05] [ INFO ] [ServidorEndereco:55] O Paciente Barbie Mattel foi incluído!
[2021-11-12 22:44:05] [ INFO ] [ServidorEndereco:55] O Paciente Woody Pixar foi incluído!
[2021-11-12 22:44:05] [ INFO ] [ServidorEndereco:136] 
--------------------
1 
Barbie Mattel 
73633374 
1 
2021-11-12 
--------------------
[2021-11-12 22:44:05] [ INFO ] [ServidorEndereco:136] 
--------------------
2 
Woody Pixar 
761236354 
2 
2021-11-12 
--------------------
[2021-11-12 22:44:05] [ INFO ] [ServidorEndereco:57] O Endereco com o id 3 foi incluído!
[2021-11-12 22:44:05] [ INFO ] [ServidorEndereco:55] O Paciente Totoro Miyasaki foi incluído!
[2021-11-12 22:44:06] [ WARN ] [ServidorEndereco:85] O Paciente com o id 3 foi deletado!
[2021-11-12 22:44:39] [ INFO ] [ServidorEndereco:29] A tabela Endereco foi criada!
[2021-11-12 22:44:39] [ INFO ] [ServidorEndereco:57] O Endereco com o id 1 foi incluído!
[2021-11-12 22:44:39] [ INFO ] [ServidorEndereco:57] O Endereco com o id 2 foi incluído!
[2021-11-12 22:44:39] [ INFO ] [ServidorEndereco:31] A tabela Paciente foi criada!
[2021-11-12 22:44:39] [ INFO ] [ServidorEndereco:55] O Paciente Barbie Mattel foi incluído!
[2021-11-12 22:44:39] [ INFO ] [ServidorEndereco:55] O Paciente Woody Pixar foi incluído!
[2021-11-12 22:44:39] [ INFO ] [ServidorEndereco:136] 
--------------------
1 
Barbie Mattel 
73633374 
1 
2021-11-12 
--------------------
[2021-11-12 22:44:39] [ INFO ] [ServidorEndereco:136] 
--------------------
2 
Woody Pixar 
761236354 
2 
2021-11-12 
--------------------
[2021-11-12 22:44:39] [ INFO ] [ServidorEndereco:57] O Endereco com o id 3 foi incluído!
[2021-11-12 22:44:39] [ INFO ] [ServidorEndereco:55] O Paciente Totoro Miyasaki foi incluído!
[2021-11-12 22:44:39] [ WARN ] [ServidorEndereco:85] O Paciente com o id 3 foi deletado!
[2021-11-12 22:44:52] [ INFO ] [ServidorEndereco:29] A tabela Endereco foi criada!
[2021-11-12 22:44:53] [ INFO ] [ServidorEndereco:57] O Endereco com o id 1 foi incluído!
[2021-11-12 22:44:53] [ INFO ] [ServidorEndereco:57] O Endereco com o id 2 foi incluído!
[2021-11-12 22:44:53] [ INFO ] [ServidorEndereco:31] A tabela Paciente foi criada!
[2021-11-12 22:44:53] [ INFO ] [ServidorEndereco:55] O Paciente Barbie Mattel foi incluído!
[2021-11-12 22:44:53] [ INFO ] [ServidorEndereco:55] O Paciente Woody Pixar foi incluído!
[2021-11-12 22:44:53] [ INFO ] [ServidorEndereco:136] 
--------------------
1 
Barbie Mattel 
73633374 
1 
2021-11-12 
--------------------
[2021-11-12 22:44:53] [ INFO ] [ServidorEndereco:136] 
--------------------
2 
Woody Pixar 
761236354 
2 
2021-11-12 
--------------------
[2021-11-12 22:44:53] [ INFO ] [ServidorEndereco:57] O Endereco com o id 3 foi incluído!
[2021-11-12 22:44:53] [ INFO ] [ServidorEndereco:55] O Paciente Totoro Miyasaki foi incluído!
[2021-11-12 22:44:53] [ WARN ] [ServidorEndereco:85] O Paciente com o id 3 foi deletado!
[2021-11-12 22:46:07] [ INFO ] [ServidorEndereco:29] A tabela Endereco foi criada!
[2021-11-12 22:46:07] [ INFO ] [ServidorEndereco:57] O Endereco com o id 1 foi incluído!
[2021-11-12 22:46:07] [ INFO ] [ServidorEndereco:57] O Endereco com o id 2 foi incluído!
[2021-11-12 22:46:07] [ INFO ] [ServidorEndereco:31] A tabela Paciente foi criada!
[2021-11-12 22:46:07] [ INFO ] [ServidorEndereco:55] O Paciente Barbie Mattel foi incluído!
[2021-11-12 22:46:07] [ INFO ] [ServidorEndereco:55] O Paciente Woody Pixar foi incluído!
[2021-11-12 22:46:07] [ INFO ] [ServidorEndereco:132] 
--------------------
1 
Barbie Mattel 
73633374 
1 
2021-11-12 
--------------------
[2021-11-12 22:46:07] [ INFO ] [ServidorEndereco:132] 
--------------------
2 
Woody Pixar 
761236354 
2 
2021-11-12 
--------------------
[2021-11-12 22:46:07] [ INFO ] [ServidorEndereco:57] O Endereco com o id 3 foi incluído!
[2021-11-12 22:46:07] [ INFO ] [ServidorEndereco:55] O Paciente Totoro Miyasaki foi incluído!
[2021-11-12 22:46:07] [ INFO ] [ServidorEndereco:106] 
--------------------
 2 
Woody Pixar 
761236354 
2 
2021-11-12 
--------------------
[2021-11-12 22:46:07] [ INFO ] [ServidorEndereco:106] 
--------------------
 1 
Barbie Mattel 
73633374 
1 
2021-11-12 
--------------------
[2021-11-12 22:46:07] [ WARN ] [ServidorEndereco:85] O Paciente com o id 3 foi deletado!
[2021-11-12 22:46:53] [ INFO ] [ServidorEndereco:29] A tabela Endereco foi criada!
[2021-11-12 22:46:53] [ INFO ] [ServidorEndereco:57] O Endereco com o id 1 foi incluído!
[2021-11-12 22:46:53] [ INFO ] [ServidorEndereco:57] O Endereco com o id 2 foi incluído!
[2021-11-12 22:46:53] [ INFO ] [ServidorEndereco:31] A tabela Paciente foi criada!
[2021-11-12 22:46:53] [ INFO ] [ServidorEndereco:55] O Paciente Barbie Mattel foi incluído!
[2021-11-12 22:46:53] [ INFO ] [ServidorEndereco:55] O Paciente Woody Pixar foi incluído!
[2021-11-12 22:46:53] [ INFO ] [ServidorEndereco:132] 
--------------------
1 
Barbie Mattel 
73633374 
1 
2021-11-12 
--------------------
[2021-11-12 22:46:53] [ INFO ] [ServidorEndereco:132] 
--------------------
2 
Woody Pixar 
761236354 
2 
2021-11-12 
--------------------
[2021-11-12 22:46:53] [ INFO ] [ServidorEndereco:57] O Endereco com o id 3 foi incluído!
[2021-11-12 22:46:53] [ INFO ] [ServidorEndereco:55] O Paciente Totoro Miyasaki foi incluído!
[2021-11-12 22:46:53] [ INFO ] [ServidorEndereco:106] 
--------------------
 2 
Woody Pixar 
761236354 
2 
2021-11-12 
--------------------
[2021-11-12 22:46:53] [ INFO ] [ServidorEndereco:106] 
--------------------
 1 
Barbie Mattel 
73633374 
1 
2021-11-12 
--------------------
[2021-11-12 22:46:53] [ WARN ] [ServidorEndereco:85] O Paciente com o id 3 foi deletado!
[2021-11-12 22:48:16] [ INFO ] [ServidorEndereco:29] A tabela Endereco foi criada!
[2021-11-12 22:48:16] [ INFO ] [ServidorEndereco:57] O Endereco com o id 1 foi incluído!
[2021-11-12 22:48:16] [ INFO ] [ServidorEndereco:57] O Endereco com o id 2 foi incluído!
[2021-11-12 22:48:16] [ INFO ] [ServidorEndereco:31] A tabela Paciente foi criada!
[2021-11-12 22:48:16] [ INFO ] [ServidorEndereco:55] O Paciente Barbie Mattel foi incluído!
[2021-11-12 22:48:16] [ INFO ] [ServidorEndereco:55] O Paciente Woody Pixar foi incluído!
[2021-11-12 22:48:16] [ INFO ] [ServidorEndereco:132] 
--------------------
1 
Barbie Mattel 
73633374 
1 
2021-11-12 
--------------------
[2021-11-12 22:48:16] [ INFO ] [ServidorEndereco:132] 
--------------------
2 
Woody Pixar 
761236354 
2 
2021-11-12 
--------------------
[2021-11-12 22:48:16] [ INFO ] [ServidorEndereco:57] O Endereco com o id 3 foi incluído!
[2021-11-12 22:48:16] [ INFO ] [ServidorEndereco:55] O Paciente Totoro Miyasaki foi incluído!
[2021-11-12 22:48:16] [ INFO ] [ServidorEndereco:106] 
--------------------
 3 
Totoro Miyasaki 
5345456 
3 
2021-11-12 
--------------------
[2021-11-12 22:48:16] [ WARN ] [ServidorEndereco:85] O Paciente com o id 3 foi deletado!
[2021-11-12 22:49:03] [ INFO ] [ServidorEndereco:29] A tabela Endereco foi criada!
[2021-11-12 22:49:04] [ INFO ] [ServidorEndereco:57] O Endereco com o id 1 foi incluído!
[2021-11-12 22:49:04] [ INFO ] [ServidorEndereco:57] O Endereco com o id 2 foi incluído!
[2021-11-12 22:49:04] [ INFO ] [ServidorEndereco:31] A tabela Paciente foi criada!
[2021-11-12 22:49:04] [ INFO ] [ServidorEndereco:55] O Paciente Barbie Mattel foi incluído!
[2021-11-12 22:49:04] [ INFO ] [ServidorEndereco:55] O Paciente Woody Pixar foi incluído!
[2021-11-12 22:49:04] [ INFO ] [ServidorEndereco:133] 
--------------------
1 
Barbie Mattel 
73633374 
1 
2021-11-12 
--------------------
[2021-11-12 22:49:04] [ INFO ] [ServidorEndereco:133] 
--------------------
2 
Woody Pixar 
761236354 
2 
2021-11-12 
--------------------
[2021-11-12 22:49:04] [ INFO ] [ServidorEndereco:57] O Endereco com o id 3 foi incluído!
[2021-11-12 22:49:04] [ INFO ] [ServidorEndereco:55] O Paciente Totoro Miyasaki foi incluído!
[2021-11-12 22:49:04] [ INFO ] [ServidorEndereco:107] 
--------------------
 3 
Totoro Miyasaki 
5345456 
3 
2021-11-12 
--------------------
[2021-11-12 22:49:04] [ WARN ] [ServidorEndereco:85] O Paciente com o id 3 foi deletado!
[2021-11-12 22:49:06] [ INFO ] [ServidorEndereco:29] A tabela Endereco foi criada!
[2021-11-12 22:49:06] [ INFO ] [ServidorEndereco:57] O Endereco com o id 1 foi incluído!
[2021-11-12 22:49:06] [ INFO ] [ServidorEndereco:57] O Endereco com o id 2 foi incluído!
[2021-11-12 22:49:06] [ INFO ] [ServidorEndereco:31] A tabela Paciente foi criada!
[2021-11-12 22:49:06] [ INFO ] [ServidorEndereco:55] O Paciente Barbie Mattel foi incluído!
[2021-11-12 22:49:06] [ INFO ] [ServidorEndereco:55] O Paciente Woody Pixar foi incluído!
[2021-11-12 22:49:06] [ INFO ] [ServidorEndereco:133] 
--------------------
1 
Barbie Mattel 
73633374 
1 
2021-11-12 
--------------------
[2021-11-12 22:49:06] [ INFO ] [ServidorEndereco:133] 
--------------------
2 
Woody Pixar 
761236354 
2 
2021-11-12 
--------------------
[2021-11-12 22:49:07] [ INFO ] [ServidorEndereco:57] O Endereco com o id 3 foi incluído!
[2021-11-12 22:49:07] [ INFO ] [ServidorEndereco:55] O Paciente Totoro Miyasaki foi incluído!
[2021-11-12 22:49:07] [ INFO ] [ServidorEndereco:107] 
--------------------
 3 
Totoro Miyasaki 
5345456 
3 
2021-11-12 
--------------------
[2021-11-12 22:49:07] [ WARN ] [ServidorEndereco:85] O Paciente com o id 3 foi deletado!
[2021-11-12 22:50:28] [ INFO ] [ServidorEndereco:29] A tabela Endereco foi criada!
[2021-11-12 22:50:28] [ INFO ] [ServidorEndereco:57] O Endereco com o id 1 foi incluído!
[2021-11-12 22:50:28] [ INFO ] [ServidorEndereco:57] O Endereco com o id 2 foi incluído!
[2021-11-12 22:50:28] [ INFO ] [ServidorEndereco:31] A tabela Paciente foi criada!
[2021-11-12 22:50:28] [ INFO ] [ServidorEndereco:55] O Paciente Barbie Mattel foi incluído!
[2021-11-12 22:50:28] [ INFO ] [ServidorEndereco:55] O Paciente Woody Pixar foi incluído!
[2021-11-12 22:50:28] [ INFO ] [ServidorEndereco:132] 
--------------------
1 
Barbie Mattel 
73633374 
1 
2021-11-12 
--------------------
[2021-11-12 22:50:28] [ INFO ] [ServidorEndereco:132] 
--------------------
2 
Woody Pixar 
761236354 
2 
2021-11-12 
--------------------
[2021-11-12 22:50:28] [ INFO ] [ServidorEndereco:57] O Endereco com o id 3 foi incluído!
[2021-11-12 22:50:29] [ INFO ] [ServidorEndereco:55] O Paciente Totoro Miyasaki foi incluído!
[2021-11-12 22:50:29] [ INFO ] [ServidorEndereco:106] 
--------------------
 3 
Totoro Miyasaki 
5345456 
3 
2021-11-12 
--------------------
[2021-11-12 22:50:29] [ WARN ] [ServidorEndereco:85] O Paciente com o id 3 foi deletado!
[2021-11-12 22:51:14] [ INFO ] [ServidorEndereco:29] A tabela Endereco foi criada!
[2021-11-12 22:51:14] [ INFO ] [ServidorEndereco:57] O Endereco com o id 1 foi incluído!
[2021-11-12 22:51:14] [ INFO ] [ServidorEndereco:57] O Endereco com o id 2 foi incluído!
[2021-11-12 22:51:14] [ INFO ] [ServidorEndereco:31] A tabela Paciente foi criada!
[2021-11-12 22:51:14] [ INFO ] [ServidorEndereco:55] O Paciente Barbie Mattel foi incluído!
[2021-11-12 22:51:14] [ INFO ] [ServidorEndereco:55] O Paciente Woody Pixar foi incluído!
[2021-11-12 22:51:14] [ INFO ] [ServidorEndereco:129] 
--------------------
1 
Barbie Mattel 
73633374 
1 
2021-11-12 
--------------------
[2021-11-12 22:51:14] [ INFO ] [ServidorEndereco:129] 
--------------------
2 
Woody Pixar 
761236354 
2 
2021-11-12 
--------------------
[2021-11-12 22:51:14] [ INFO ] [ServidorEndereco:57] O Endereco com o id 3 foi incluído!
[2021-11-12 22:51:14] [ INFO ] [ServidorEndereco:55] O Paciente Totoro Miyasaki foi incluído!
[2021-11-12 22:51:14] [ INFO ] [ServidorEndereco:103] 
--------------------
 3 
Totoro Miyasaki 
5345456 
3 
2021-11-12 
--------------------
[2021-11-12 22:51:14] [ WARN ] [ServidorEndereco:85] O Paciente com o id 3 foi deletado!
[2021-11-12 22:51:52] [ INFO ] [ServidorEndereco:29] A tabela Endereco foi criada!
[2021-11-12 22:51:52] [ INFO ] [ServidorEndereco:57] O Endereco com o id 1 foi incluído!
[2021-11-12 22:51:52] [ INFO ] [ServidorEndereco:57] O Endereco com o id 2 foi incluído!
[2021-11-12 22:51:52] [ INFO ] [ServidorEndereco:31] A tabela Paciente foi criada!
[2021-11-12 22:51:52] [ INFO ] [ServidorEndereco:55] O Paciente Barbie Mattel foi incluído!
[2021-11-12 22:51:52] [ INFO ] [ServidorEndereco:55] O Paciente Woody Pixar foi incluído!
[2021-11-12 22:51:52] [ INFO ] [ServidorEndereco:129] 
--------------------
1 
Barbie Mattel 
73633374 
1 
2021-11-12 
--------------------
[2021-11-12 22:51:52] [ INFO ] [ServidorEndereco:129] 
--------------------
2 
Woody Pixar 
761236354 
2 
2021-11-12 
--------------------
[2021-11-12 22:51:52] [ INFO ] [ServidorEndereco:57] O Endereco com o id 3 foi incluído!
[2021-11-12 22:51:52] [ INFO ] [ServidorEndereco:55] O Paciente Totoro Miyasaki foi incluído!
[2021-11-12 22:51:52] [ INFO ] [ServidorEndereco:103] 
--------------------
 3 
Totoro Miyasaki 
5345456 
3 
2021-11-12 
--------------------
[2021-11-12 22:51:52] [ WARN ] [ServidorEndereco:85] O Paciente com o id 3 foi deletado!
[2021-11-12 22:52:10] [ INFO ] [ServidorEndereco:29] A tabela Endereco foi criada!
[2021-11-12 22:52:10] [ INFO ] [ServidorEndereco:57] O Endereco com o id 1 foi incluído!
[2021-11-12 22:52:10] [ INFO ] [ServidorEndereco:57] O Endereco com o id 2 foi incluído!
[2021-11-12 22:52:10] [ INFO ] [ServidorEndereco:31] A tabela Paciente foi criada!
[2021-11-12 22:52:10] [ INFO ] [ServidorEndereco:55] O Paciente Barbie Mattel foi incluído!
[2021-11-12 22:52:10] [ INFO ] [ServidorEndereco:55] O Paciente Woody Pixar foi incluído!
[2021-11-12 22:52:10] [ INFO ] [ServidorEndereco:129] 
--------------------
1 
Barbie Mattel 
73633374 
1 
2021-11-12 
--------------------
[2021-11-12 22:52:10] [ INFO ] [ServidorEndereco:129] 
--------------------
2 
Woody Pixar 
761236354 
2 
2021-11-12 
--------------------
[2021-11-12 22:52:10] [ INFO ] [ServidorEndereco:57] O Endereco com o id 3 foi incluído!
[2021-11-12 22:52:10] [ INFO ] [ServidorEndereco:55] O Paciente Totoro Miyasaki foi incluído!
[2021-11-12 22:52:10] [ INFO ] [ServidorEndereco:103] 
--------------------
 3 
Totoro Miyasaki 
5345456 
3 
2021-11-12 
--------------------
[2021-11-12 22:52:10] [ WARN ] [ServidorEndereco:85] O Paciente com o id 3 foi deletado!
[2021-11-12 22:52:14] [ INFO ] [ServidorEndereco:29] A tabela Endereco foi criada!
[2021-11-12 22:52:14] [ INFO ] [ServidorEndereco:57] O Endereco com o id 1 foi incluído!
[2021-11-12 22:52:14] [ INFO ] [ServidorEndereco:57] O Endereco com o id 2 foi incluído!
[2021-11-12 22:52:14] [ INFO ] [ServidorEndereco:31] A tabela Paciente foi criada!
[2021-11-12 22:52:14] [ INFO ] [ServidorEndereco:55] O Paciente Barbie Mattel foi incluído!
[2021-11-12 22:52:14] [ INFO ] [ServidorEndereco:55] O Paciente Woody Pixar foi incluído!
[2021-11-12 22:52:14] [ INFO ] [ServidorEndereco:129] 
--------------------
1 
Barbie Mattel 
73633374 
1 
2021-11-12 
--------------------
[2021-11-12 22:52:14] [ INFO ] [ServidorEndereco:129] 
--------------------
2 
Woody Pixar 
761236354 
2 
2021-11-12 
--------------------
[2021-11-12 22:52:14] [ INFO ] [ServidorEndereco:57] O Endereco com o id 3 foi incluído!
[2021-11-12 22:52:14] [ INFO ] [ServidorEndereco:55] O Paciente Totoro Miyasaki foi incluído!
[2021-11-12 22:52:14] [ INFO ] [ServidorEndereco:103] 
--------------------
 3 
Totoro Miyasaki 
5345456 
3 
2021-11-12 
--------------------
[2021-11-12 22:52:14] [ WARN ] [ServidorEndereco:85] O Paciente com o id 3 foi deletado!
[2021-11-12 23:00:27] [ INFO ] [ServidorEndereco:29] A tabela Endereco foi criada!
[2021-11-12 23:00:27] [ INFO ] [ServidorEndereco:57] O Endereco com o id 1 foi incluído!
[2021-11-12 23:00:27] [ INFO ] [ServidorEndereco:57] O Endereco com o id 2 foi incluído!
[2021-11-12 23:00:27] [ INFO ] [ServidorEndereco:31] A tabela Paciente foi criada!
[2021-11-12 23:00:27] [ INFO ] [ServidorEndereco:55] O Paciente Barbie Mattel foi incluído!
[2021-11-12 23:00:27] [ INFO ] [ServidorEndereco:55] O Paciente Woody Pixar foi incluído!
[2021-11-12 23:00:27] [ INFO ] [ServidorEndereco:129] 
--------------------
1 
Barbie Mattel 
73633374 
1 
2021-11-12 
--------------------
[2021-11-12 23:00:27] [ INFO ] [ServidorEndereco:129] 
--------------------
2 
Woody Pixar 
761236354 
2 
2021-11-12 
--------------------
[2021-11-12 23:00:27] [ INFO ] [ServidorEndereco:57] O Endereco com o id 3 foi incluído!
[2021-11-12 23:00:27] [ INFO ] [ServidorEndereco:55] O Paciente Totoro Miyasaki foi incluído!
[2021-11-12 23:00:27] [ INFO ] [ServidorEndereco:103] 
--------------------
 3 
Totoro Miyasaki 
5345456 
3 
2021-11-12 
--------------------
[2021-11-12 23:00:27] [ WARN ] [ServidorEndereco:85] O Paciente com o id 3 foi deletado!
[2021-11-12 23:00:36] [ INFO ] [ServidorEndereco:29] A tabela Endereco foi criada!
[2021-11-12 23:00:36] [ INFO ] [ServidorEndereco:31] A tabela Paciente foi criada!
[2021-11-12 23:00:37] [ INFO ] [ServidorEndereco:57] O Endereco com o id 1 foi incluído!
[2021-11-12 23:00:37] [ INFO ] [ServidorEndereco:55] O Paciente Carol Hakamada foi incluído!
[2021-11-12 23:00:37] [ INFO ] [ServidorEndereco:129] 
--------------------
1 
Carol Hakamada 
73645474 
1 
2021-11-12 
--------------------
[2021-11-12 23:01:49] [ INFO ] [ServidorEndereco:29] A tabela Endereco foi criada!
[2021-11-12 23:01:49] [ INFO ] [ServidorEndereco:31] A tabela Paciente foi criada!
[2021-11-12 23:01:49] [ INFO ] [ServidorEndereco:57] O Endereco com o id 1 foi incluído!
[2021-11-12 23:01:49] [ INFO ] [ServidorEndereco:55] O Paciente Carol Hakamada foi incluído!
[2021-11-12 23:01:49] [ INFO ] [ServidorEndereco:129] 
--------------------
1 
Carol Hakamada 
73645474 
1 
2021-11-12 
--------------------
[2021-11-12 23:01:49] [ INFO ] [ServidorEndereco:57] O Endereco com o id 2 foi incluído!
[2021-11-12 23:02:33] [ INFO ] [ServidorEndereco:29] A tabela Endereco foi criada!
[2021-11-12 23:02:33] [ INFO ] [ServidorEndereco:31] A tabela Paciente foi criada!
[2021-11-12 23:02:33] [ INFO ] [ServidorEndereco:57] O Endereco com o id 1 foi incluído!
[2021-11-12 23:02:43] [ INFO ] [ServidorEndereco:29] A tabela Endereco foi criada!
[2021-11-12 23:02:43] [ INFO ] [ServidorEndereco:31] A tabela Paciente foi criada!
[2021-11-12 23:02:43] [ INFO ] [ServidorEndereco:57] O Endereco com o id 1 foi incluído!
[2021-11-12 23:02:43] [ INFO ] [ServidorEndereco:55] O Paciente Carol Hakamada foi incluído!
[2021-11-12 23:02:43] [ INFO ] [ServidorEndereco:129] 
--------------------
1 
Carol Hakamada 
73645474 
1 
2021-11-12 
--------------------
